<?xml version="1.0" encoding="UTF-8"?>
<!-- Generated by org.testng.reporters.JUnitReportReporter -->
<testsuite skipped="0" hostname="badboy" name="com.pom.testcases.Testflipkart" tests="1" failures="0" timestamp="11 Feb 2021 09:59:54 GMT" time="11.810" errors="0">
  <testcase name="testcase" time="11.810" classname="com.pom.testcases.Testflipkart"/>
</testsuite> <!-- com.pom.testcases.Testflipkart -->
